<?xml version="1.0" encoding="UTF-8"?>
<!-- Generated by org.testng.reporters.JUnitReportReporter -->
<testsuite hostname="DESKTOP-9841J3A" failures="0" tests="5" name="com.fastparking.testcases.TC_ManageUsers" time="12.848" errors="0" timestamp="2023-10-25T20:55:43 IST" skipped="4">
  <testcase classname="com.fastparking.testcases.TC_ManageUsers" name="verifySearchFeature" time="12.848"/>
  <system-out/>
  <testcase classname="com.fastparking.testcases.TC_ManageUsers" name="verifyDeleteUser">
    <skipped/>
  </testcase> <!-- verifyDeleteUser -->
  <system-out/>
  <testcase classname="com.fastparking.testcases.TC_ManageUsers" name="verifyBlockUser">
    <skipped/>
  </testcase> <!-- verifyBlockUser -->
  <system-out/>
  <testcase classname="com.fastparking.testcases.TC_ManageUsers" name="verifyTotalUsersCount">
    <skipped/>
  </testcase> <!-- verifyTotalUsersCount -->
  <system-out/>
  <testcase classname="com.fastparking.testcases.TC_ManageUsers" name="verifyUnblockUser">
    <skipped/>
  </testcase> <!-- verifyUnblockUser -->
  <system-out/>
</testsuite> <!-- com.fastparking.testcases.TC_ManageUsers -->
