<?xml version="1.0" encoding="UTF-8"?>
<!-- Generated by org.testng.reporters.JUnitReportReporter -->
<testsuite hostname="DESKTOP-9841J3A" failures="0" tests="3" name="com.fastparking.testcases.TC_Bookings" time="24.645" errors="0" timestamp="2023-10-29T17:49:04 IST" skipped="2">
  <testcase classname="com.fastparking.testcases.TC_Bookings" name="verifyBokingDetails" time="24.645"/>
  <system-out/>
  <testcase classname="com.fastparking.testcases.TC_Bookings" name="verifBookingsCount">
    <skipped/>
  </testcase> <!-- verifBookingsCount -->
  <system-out/>
  <testcase classname="com.fastparking.testcases.TC_Bookings" name="verifyParticulerOwnerBooking">
    <skipped/>
  </testcase> <!-- verifyParticulerOwnerBooking -->
  <system-out/>
</testsuite> <!-- com.fastparking.testcases.TC_Bookings -->
