<?xml version="1.0" encoding="UTF-8"?>
<!-- Generated by org.testng.reporters.JUnitReportReporter -->
<testsuite hostname="DESKTOP-9841J3A" failures="0" tests="2" name="com.fastparking.testcases.TC_PermitCards" time="19.126" errors="0" timestamp="2023-10-29T14:32:26 IST" skipped="0">
  <testcase classname="com.fastparking.testcases.TC_PermitCards" name="verifyAddPermitCard" time="9.885"/>
  <system-out/>
  <testcase classname="com.fastparking.testcases.TC_PermitCards" name="verifyAddPermitCard" time="9.241"/>
  <system-out/>
</testsuite> <!-- com.fastparking.testcases.TC_PermitCards -->
