<?xml version="1.0" encoding="UTF-8"?>
<!-- Generated by org.testng.reporters.JUnitReportReporter -->
<testsuite hostname="DESKTOP-9841J3A" failures="0" tests="5" name="com.fastparking.testcases.TC_ParkingOwners" time="75.378" errors="0" timestamp="2023-10-27T00:11:24 IST" skipped="0">
  <testcase classname="com.fastparking.testcases.TC_ParkingOwners" name="verifyAddParkingOwner" time="15.043"/>
  <system-out/>
  <testcase classname="com.fastparking.testcases.TC_ParkingOwners" name="verifyAddParkingOwner" time="16.123"/>
  <system-out/>
  <testcase classname="com.fastparking.testcases.TC_ParkingOwners" name="verifyAddParkingOwner" time="14.737"/>
  <system-out/>
  <testcase classname="com.fastparking.testcases.TC_ParkingOwners" name="verifyAddParkingOwner" time="14.638"/>
  <system-out/>
  <testcase classname="com.fastparking.testcases.TC_ParkingOwners" name="verifyAddParkingOwner" time="14.837"/>
  <system-out/>
</testsuite> <!-- com.fastparking.testcases.TC_ParkingOwners -->
