<?xml version="1.0" encoding="UTF-8"?>
<!-- Generated by org.testng.reporters.JUnitReportReporter -->
<testsuite hostname="DESKTOP-9841J3A" failures="0" tests="4" name="com.fastparking.testcases.TC_Parking" time="39.954" errors="0" timestamp="2023-10-28T23:03:20 IST" skipped="3">
  <testcase classname="com.fastparking.testcases.TC_Parking" name="verifyEditParking" time="39.954"/>
  <system-out/>
  <testcase classname="com.fastparking.testcases.TC_Parking" name="verifyParkingExists">
    <skipped/>
  </testcase> <!-- verifyParkingExists -->
  <system-out/>
  <testcase classname="com.fastparking.testcases.TC_Parking" name="verifyAddParking">
    <skipped/>
  </testcase> <!-- verifyAddParking -->
  <system-out/>
  <testcase classname="com.fastparking.testcases.TC_Parking" name="verifyDeleteParking">
    <skipped/>
  </testcase> <!-- verifyDeleteParking -->
  <system-out/>
</testsuite> <!-- com.fastparking.testcases.TC_Parking -->
